<?xml version="1.0" encoding="UTF-8"?>
<!-- Generated by org.testng.reporters.JUnitReportReporter -->
<testsuite skipped="0" hostname="Chaitra-PC" name="script.ValidLogin" tests="1" failures="0" timestamp="03 Jan 2019 14:16:24 GMT" time="23.286" errors="0">
  <testcase name="testValidLogin" time="23.286" classname="script.ValidLogin"/>
</testsuite> <!-- script.ValidLogin -->
