<?xml version="1.0" encoding="UTF-8"?>
<!-- Generated by org.testng.reporters.JUnitReportReporter -->
<testsuite skipped="0" hostname="Chaitra-PC" name="script.InvalidLogin" tests="1" failures="0" timestamp="03 Jan 2019 14:16:24 GMT" time="23.719" errors="0">
  <testcase name="testInvalidLogin" time="23.719" classname="script.InvalidLogin"/>
</testsuite> <!-- script.InvalidLogin -->
